<?xml version="1.0" encoding="UTF-8"?>
<!-- Generated by org.testng.reporters.JUnitReportReporter -->
<testsuite hostname="P86826" failures="0" tests="2" name="tests.TestsExamples" time="1.844" errors="0" timestamp="2022-09-10T21:15:43 JST" skipped="0">
  <testcase classname="tests.TestsExamples" name="test_2" time="0.588"/>
  <system-out/>
  <testcase classname="tests.TestsExamples" name="test_1" time="1.256"/>
  <system-out/>
</testsuite> <!-- tests.TestsExamples -->
